This is pdfTeX, Version 3.1415926-1.40.10 (Web2C 2009) (format=latex 2011.11.18)  22 JUL 2016 22:56
entering extended mode
 %&-line parsing enabled.
**pict2e.ins
(./pict2e.ins
LaTeX2e <2009/09/24>
Babel <v3.8l> and hyphenation patterns for english, usenglishmax, dumylang, noh
yphenation, german-x-2009-06-19, ngerman-x-2009-06-19, ancientgreek, ibycus, ar
abic, basque, bulgarian, catalan, pinyin, coptic, croatian, czech, danish, dutc
h, esperanto, estonian, farsi, finnish, french, galician, german, ngerman, mono
greek, greek, hungarian, icelandic, indonesian, interlingua, irish, italian, ku
rmanji, latin, latvian, lithuanian, mongolian, mongolian2a, bokmal, nynorsk, po
lish, portuguese, romanian, russian, sanskrit, serbian, slovak, slovenian, span
ish, swedish, turkish, ukenglish, ukrainian, uppersorbian, welsh, loaded.
(/usr/osxws/share/texmf-dist/tex/latex/base/docstrip.tex
\blockLevel=\count79
\emptyLines=\count80
\processedLines=\count81
\commentsRemoved=\count82
\commentsPassed=\count83
\codeLinesPassed=\count84
\TotalprocessedLines=\count85
\TotalcommentsRemoved=\count86
\TotalcommentsPassed=\count87
\TotalcodeLinesPassed=\count88
\NumberOfFiles=\count89
\inFile=\read1
\inputcheck=\read2
\off@0=\count90
\off@1=\count91
\off@2=\count92
\off@3=\count93
\off@4=\count94
\off@5=\count95
\off@6=\count96
\off@7=\count97
\off@8=\count98
\off@9=\count99
\off@10=\count100
\off@11=\count101
\off@12=\count102
\off@13=\count103
\off@14=\count104
\off@15=\count105
\@maxfiles=\count106
\@maxoutfiles=\count107

Utility: `docstrip' 2.5d <2005/07/29>
English documentation    <1999/03/31>

**********************************************************
* This program converts documented macro-files into fast *
* loadable files by stripping off (nearly) all comments! *
**********************************************************

********************************************************
* No Configuration file found, using default settings. *
********************************************************

)

Generating file(s) ./pict2e.sty 
\openout0 = `./pict2e.sty'.


Processing file pict2e.dtx (package) -> pict2e.sty
File pict2e.dtx ended by \endinput.
Lines  processed: 3766
Comments removed: 2998
Comments  passed: 5
Codelines passed: 757


Generating file(s) ./p2e-dvips.def ./p2e-pdftex.def ./p2e-vtex.def ./p2e-dvipdf
m.def ./p2e-dvipdfmx.def ./p2e-xetex.def ./p2e-textures.def ./p2e-pctexps.def .
/p2e-pctex32.def ./p2e-luatex.def 
\openout0 = `./p2e-dvips.def'.

\openout1 = `./p2e-pdftex.def'.

\openout2 = `./p2e-vtex.def'.

\openout3 = `./p2e-dvipdfm.def'.

\openout4 = `./p2e-dvipdfmx.def'.

\openout5 = `./p2e-xetex.def'.

\openout6 = `./p2e-textures.def'.

\openout7 = `./p2e-pctexps.def'.

\openout8 = `./p2e-pctex32.def'.

\openout9 = `./p2e-luatex.def'.


Processing file p2e-drivers.dtx (dvips) -> p2e-dvips.def
                                (pdftex) -> p2e-pdftex.def
                                (vtex) -> p2e-vtex.def
                                (dvipdfm) -> p2e-dvipdfm.def
                                (dvipdfmx) -> p2e-dvipdfmx.def
                                (xetex) -> p2e-xetex.def
                                (textures) -> p2e-textures.def
                                (pctexps) -> p2e-pctexps.def
                                (pctex32) -> p2e-pctex32.def
                                (luatex) -> p2e-luatex.def
File p2e-drivers.dtx ended by \endinput.
Lines  processed: 637
Comments removed: 457
Comments  passed: 2
Codelines passed: 128


Generating file(s) ./pict2e-example.cfg 
\openout0 = `./pict2e-example.cfg'.


Processing file p2e-drivers.dtx (cfg) -> pict2e-example.cfg
File p2e-drivers.dtx ended by \endinput.
Lines  processed: 637
Comments removed: 457
Comments  passed: 2
Codelines passed: 128

***********************************************************
*
* To finish the installation you have to move the following
* files into a directory searched by TeX:
*
* All the files with extension `.sty' and `.def'
*
* To produce the documentation run the .dtx files through LaTeX.
*
* Happy TeXing
***********************************************************
Overall statistics:
Files  processed: 3
Lines  processed: 5040
Comments removed: 3912
Comments  passed: 9
Codelines passed: 1013
 ) 
Here is how much of TeX's memory you used:
 425 strings out of 493849
 4682 string characters out of 3151928
 55419 words of memory out of 3000000
 3783 multiletter control sequences out of 15000+200000
 3640 words of font info for 14 fonts, out of 3000000 for 9000
 714 hyphenation exceptions out of 8191
 13i,0n,15p,164b,220s stack positions out of 5000i,500n,10000p,200000b,50000s

No pages of output.
